{"C:\\Users\\mosta\\OneDrive\\Desktop\\todo-list\\src\\components\\app.js": {"path":"C:\\Users\\mosta\\OneDrive\\Desktop\\todo-list\\src\\components\\app.js","statementMap":{"0":{"start":{"line":3,"column":4},"end":{"line":3,"column":20}},"1":{"start":{"line":6,"column":16},"end":{"line":15,"column":3}},"2":{"start":{"line":7,"column":22},"end":{"line":7,"column":27}},"3":{"start":{"line":8,"column":18},"end":{"line":8,"column":39}},"4":{"start":{"line":9,"column":17},"end":{"line":13,"column":5}},"5":{"start":{"line":14,"column":4},"end":{"line":14,"column":26}},"6":{"start":{"line":17,"column":16},"end":{"line":23,"column":3}},"7":{"start":{"line":18,"column":4},"end":{"line":22,"column":7}},"8":{"start":{"line":19,"column":6},"end":{"line":21,"column":7}},"9":{"start":{"line":20,"column":8},"end":{"line":20,"column":55}},"10":{"start":{"line":25,"column":9},"end":{"line":86,"column":3}},"11":{"start":{"line":26,"column":4},"end":{"line":26,"column":24}},"12":{"start":{"line":27,"column":4},"end":{"line":49,"column":7}},"13":{"start":{"line":28,"column":17},"end":{"line":47,"column":13}},"14":{"start":{"line":48,"column":6},"end":{"line":48,"column":27}},"15":{"start":{"line":50,"column":21},"end":{"line":50,"column":59}},"16":{"start":{"line":52,"column":4},"end":{"line":72,"column":7}},"17":{"start":{"line":53,"column":6},"end":{"line":71,"column":9}},"18":{"start":{"line":54,"column":8},"end":{"line":70,"column":9}},"19":{"start":{"line":55,"column":10},"end":{"line":60,"column":13}},"20":{"start":{"line":56,"column":12},"end":{"line":58,"column":13}},"21":{"start":{"line":57,"column":14},"end":{"line":57,"column":45}},"22":{"start":{"line":59,"column":12},"end":{"line":59,"column":24}},"23":{"start":{"line":61,"column":10},"end":{"line":61,"column":27}},"24":{"start":{"line":63,"column":10},"end":{"line":68,"column":13}},"25":{"start":{"line":64,"column":12},"end":{"line":66,"column":13}},"26":{"start":{"line":65,"column":14},"end":{"line":65,"column":37}},"27":{"start":{"line":67,"column":12},"end":{"line":67,"column":24}},"28":{"start":{"line":69,"column":10},"end":{"line":69,"column":27}},"29":{"start":{"line":74,"column":18},"end":{"line":74,"column":57}},"30":{"start":{"line":76,"column":4},"end":{"line":85,"column":7}},"31":{"start":{"line":77,"column":6},"end":{"line":84,"column":9}},"32":{"start":{"line":78,"column":8},"end":{"line":83,"column":11}},"33":{"start":{"line":79,"column":10},"end":{"line":82,"column":11}},"34":{"start":{"line":80,"column":12},"end":{"line":80,"column":42}},"35":{"start":{"line":81,"column":12},"end":{"line":81,"column":29}},"36":{"start":{"line":88,"column":15},"end":{"line":95,"column":3}},"37":{"start":{"line":89,"column":23},"end":{"line":89,"column":24}},"38":{"start":{"line":91,"column":4},"end":{"line":94,"column":7}},"39":{"start":{"line":92,"column":6},"end":{"line":92,"column":32}},"40":{"start":{"line":93,"column":6},"end":{"line":93,"column":24}},"41":{"start":{"line":97,"column":20},"end":{"line":99,"column":3}},"42":{"start":{"line":98,"column":4},"end":{"line":98,"column":56}},"43":{"start":{"line":98,"column":33},"end":{"line":98,"column":54}},"44":{"start":{"line":101,"column":19},"end":{"line":103,"column":3}},"45":{"start":{"line":102,"column":4},"end":{"line":102,"column":70}},"46":{"start":{"line":102,"column":45},"end":{"line":102,"column":68}},"47":{"start":{"line":105,"column":14},"end":{"line":108,"column":3}},"48":{"start":{"line":106,"column":17},"end":{"line":106,"column":43}},"49":{"start":{"line":107,"column":4},"end":{"line":107,"column":39}},"50":{"start":{"line":110,"column":15},"end":{"line":114,"column":3}},"51":{"start":{"line":111,"column":4},"end":{"line":113,"column":5}},"52":{"start":{"line":112,"column":6},"end":{"line":112,"column":60}}},"fnMap":{"0":{"name":"(anonymous_0)","decl":{"start":{"line":2,"column":2},"end":{"line":2,"column":3}},"loc":{"start":{"line":2,"column":16},"end":{"line":4,"column":3}},"line":2},"1":{"name":"(anonymous_1)","decl":{"start":{"line":6,"column":16},"end":{"line":6,"column":17}},"loc":{"start":{"line":6,"column":33},"end":{"line":15,"column":3}},"line":6},"2":{"name":"(anonymous_2)","decl":{"start":{"line":17,"column":16},"end":{"line":17,"column":17}},"loc":{"start":{"line":17,"column":27},"end":{"line":23,"column":3}},"line":17},"3":{"name":"(anonymous_3)","decl":{"start":{"line":18,"column":23},"end":{"line":18,"column":24}},"loc":{"start":{"line":18,"column":33},"end":{"line":22,"column":5}},"line":18},"4":{"name":"(anonymous_4)","decl":{"start":{"line":25,"column":9},"end":{"line":25,"column":10}},"loc":{"start":{"line":25,"column":19},"end":{"line":86,"column":3}},"line":25},"5":{"name":"(anonymous_5)","decl":{"start":{"line":27,"column":23},"end":{"line":27,"column":24}},"loc":{"start":{"line":27,"column":33},"end":{"line":49,"column":5}},"line":27},"6":{"name":"(anonymous_6)","decl":{"start":{"line":52,"column":21},"end":{"line":52,"column":22}},"loc":{"start":{"line":52,"column":32},"end":{"line":72,"column":5}},"line":52},"7":{"name":"(anonymous_7)","decl":{"start":{"line":53,"column":39},"end":{"line":53,"column":40}},"loc":{"start":{"line":53,"column":45},"end":{"line":71,"column":7}},"line":53},"8":{"name":"(anonymous_8)","decl":{"start":{"line":55,"column":38},"end":{"line":55,"column":39}},"loc":{"start":{"line":55,"column":48},"end":{"line":60,"column":11}},"line":55},"9":{"name":"(anonymous_9)","decl":{"start":{"line":63,"column":38},"end":{"line":63,"column":39}},"loc":{"start":{"line":63,"column":48},"end":{"line":68,"column":11}},"line":63},"10":{"name":"(anonymous_10)","decl":{"start":{"line":76,"column":18},"end":{"line":76,"column":19}},"loc":{"start":{"line":76,"column":28},"end":{"line":85,"column":5}},"line":76},"11":{"name":"(anonymous_11)","decl":{"start":{"line":77,"column":38},"end":{"line":77,"column":39}},"loc":{"start":{"line":77,"column":44},"end":{"line":84,"column":7}},"line":77},"12":{"name":"(anonymous_12)","decl":{"start":{"line":78,"column":27},"end":{"line":78,"column":28}},"loc":{"start":{"line":78,"column":37},"end":{"line":83,"column":9}},"line":78},"13":{"name":"(anonymous_13)","decl":{"start":{"line":88,"column":15},"end":{"line":88,"column":16}},"loc":{"start":{"line":88,"column":21},"end":{"line":95,"column":3}},"line":88},"14":{"name":"(anonymous_14)","decl":{"start":{"line":91,"column":23},"end":{"line":91,"column":24}},"loc":{"start":{"line":91,"column":33},"end":{"line":94,"column":5}},"line":91},"15":{"name":"(anonymous_15)","decl":{"start":{"line":97,"column":20},"end":{"line":97,"column":21}},"loc":{"start":{"line":97,"column":26},"end":{"line":99,"column":3}},"line":97},"16":{"name":"(anonymous_16)","decl":{"start":{"line":98,"column":23},"end":{"line":98,"column":24}},"loc":{"start":{"line":98,"column":33},"end":{"line":98,"column":54}},"line":98},"17":{"name":"(anonymous_17)","decl":{"start":{"line":101,"column":19},"end":{"line":101,"column":20}},"loc":{"start":{"line":101,"column":25},"end":{"line":103,"column":3}},"line":101},"18":{"name":"(anonymous_18)","decl":{"start":{"line":102,"column":35},"end":{"line":102,"column":36}},"loc":{"start":{"line":102,"column":45},"end":{"line":102,"column":68}},"line":102},"19":{"name":"(anonymous_19)","decl":{"start":{"line":105,"column":14},"end":{"line":105,"column":15}},"loc":{"start":{"line":105,"column":20},"end":{"line":108,"column":3}},"line":105},"20":{"name":"(anonymous_20)","decl":{"start":{"line":110,"column":15},"end":{"line":110,"column":16}},"loc":{"start":{"line":110,"column":21},"end":{"line":114,"column":3}},"line":110}},"branchMap":{"0":{"loc":{"start":{"line":19,"column":6},"end":{"line":21,"column":7}},"type":"if","locations":[{"start":{"line":19,"column":6},"end":{"line":21,"column":7}},{"start":{},"end":{}}],"line":19},"1":{"loc":{"start":{"line":54,"column":8},"end":{"line":70,"column":9}},"type":"if","locations":[{"start":{"line":54,"column":8},"end":{"line":70,"column":9}},{"start":{"line":62,"column":15},"end":{"line":70,"column":9}}],"line":54},"2":{"loc":{"start":{"line":56,"column":12},"end":{"line":58,"column":13}},"type":"if","locations":[{"start":{"line":56,"column":12},"end":{"line":58,"column":13}},{"start":{},"end":{}}],"line":56},"3":{"loc":{"start":{"line":64,"column":12},"end":{"line":66,"column":13}},"type":"if","locations":[{"start":{"line":64,"column":12},"end":{"line":66,"column":13}},{"start":{},"end":{}}],"line":64},"4":{"loc":{"start":{"line":79,"column":10},"end":{"line":82,"column":11}},"type":"if","locations":[{"start":{"line":79,"column":10},"end":{"line":82,"column":11}},{"start":{},"end":{}}],"line":79},"5":{"loc":{"start":{"line":111,"column":4},"end":{"line":113,"column":5}},"type":"if","locations":[{"start":{"line":111,"column":4},"end":{"line":113,"column":5}},{"start":{},"end":{}}],"line":111}},"s":{"0":4,"1":4,"2":5,"3":5,"4":5,"5":5,"6":4,"7":1,"8":1,"9":1,"10":4,"11":0,"12":0,"13":0,"14":0,"15":0,"16":0,"17":0,"18":0,"19":0,"20":0,"21":0,"22":0,"23":0,"24":0,"25":0,"26":0,"27":0,"28":0,"29":0,"30":0,"31":0,"32":0,"33":0,"34":0,"35":0,"36":4,"37":0,"38":0,"39":0,"40":0,"41":4,"42":1,"43":1,"44":4,"45":0,"46":0,"47":4,"48":0,"49":0,"50":4,"51":0,"52":0},"f":{"0":4,"1":5,"2":1,"3":1,"4":0,"5":0,"6":0,"7":0,"8":0,"9":0,"10":0,"11":0,"12":0,"13":0,"14":0,"15":1,"16":1,"17":0,"18":0,"19":0,"20":0},"b":{"0":[1,0],"1":[0,0],"2":[0,0],"3":[0,0],"4":[0,0],"5":[0,0]},"_coverageSchema":"1a1c01bbd47fc00a2c39e90264f33305004495a9","hash":"e20ca496b1e1045e3ebeee755b04f2f6df62b61b"}
}
