TN:
SF:src\components\app.js
FN:2,(anonymous_0)
FN:6,(anonymous_1)
FN:17,(anonymous_2)
FN:18,(anonymous_3)
FN:25,(anonymous_4)
FN:27,(anonymous_5)
FN:52,(anonymous_6)
FN:53,(anonymous_7)
FN:55,(anonymous_8)
FN:63,(anonymous_9)
FN:76,(anonymous_10)
FN:77,(anonymous_11)
FN:78,(anonymous_12)
FN:88,(anonymous_13)
FN:91,(anonymous_14)
FN:97,(anonymous_15)
FN:98,(anonymous_16)
FN:101,(anonymous_17)
FN:102,(anonymous_18)
FN:105,(anonymous_19)
FN:110,(anonymous_20)
FNF:21
FNH:6
FNDA:4,(anonymous_0)
FNDA:5,(anonymous_1)
FNDA:1,(anonymous_2)
FNDA:1,(anonymous_3)
FNDA:0,(anonymous_4)
FNDA:0,(anonymous_5)
FNDA:0,(anonymous_6)
FNDA:0,(anonymous_7)
FNDA:0,(anonymous_8)
FNDA:0,(anonymous_9)
FNDA:0,(anonymous_10)
FNDA:0,(anonymous_11)
FNDA:0,(anonymous_12)
FNDA:0,(anonymous_13)
FNDA:0,(anonymous_14)
FNDA:1,(anonymous_15)
FNDA:1,(anonymous_16)
FNDA:0,(anonymous_17)
FNDA:0,(anonymous_18)
FNDA:0,(anonymous_19)
FNDA:0,(anonymous_20)
DA:3,4
DA:6,4
DA:7,5
DA:8,5
DA:9,5
DA:14,5
DA:17,4
DA:18,1
DA:19,1
DA:20,1
DA:25,4
DA:26,0
DA:27,0
DA:28,0
DA:48,0
DA:50,0
DA:52,0
DA:53,0
DA:54,0
DA:55,0
DA:56,0
DA:57,0
DA:59,0
DA:61,0
DA:63,0
DA:64,0
DA:65,0
DA:67,0
DA:69,0
DA:74,0
DA:76,0
DA:77,0
DA:78,0
DA:79,0
DA:80,0
DA:81,0
DA:88,4
DA:89,0
DA:91,0
DA:92,0
DA:93,0
DA:97,4
DA:98,1
DA:101,4
DA:102,0
DA:105,4
DA:106,0
DA:107,0
DA:110,4
DA:111,0
DA:112,0
LF:51
LH:17
BRDA:19,0,0,1
BRDA:19,0,1,0
BRDA:54,1,0,0
BRDA:54,1,1,0
BRDA:56,2,0,0
BRDA:56,2,1,0
BRDA:64,3,0,0
BRDA:64,3,1,0
BRDA:79,4,0,0
BRDA:79,4,1,0
BRDA:111,5,0,0
BRDA:111,5,1,0
BRF:12
BRH:1
end_of_record
